Loaded 784 location(s), 135 contract(s).
Fetching completed Zoho Sign requests (max 120 pages)...
Zoho page 1: 50 request(s)
  completed 425061000000807027 (standard=180, warranty=160)
  completed 425061000000803056 (standard=180, warranty=160)
  completed 425061000000809010 (standard=155, warranty=155)
  completed 425061000000802049 (standard=220, warranty=220)
  completed 425061000000792008 (standard=188, warranty=150)
  completed 425061000000791008 (standard=225, warranty=185)
  completed 425061000000786047 (standard=189.99, warranty=189.99)
  completed 425061000000786008 (standard=180, warranty=180)
  completed 425061000000765009 (standard=205, warranty=185)
  completed 425061000000745109 (standard=205, warranty=189)
  completed 425061000000753015 (standard=165, warranty=165)
  completed 425061000000744213 (standard=195, warranty=170)
  completed 425061000000737187
  completed 425061000000737083
  completed 425061000000737015 (standard=160, warranty=160)
  completed 425061000000736015 (standard=200, warranty=180)
  completed 425061000000733097 (standard=175, warranty=175)
  completed 425061000000733015 (standard=230, warranty=230)
  completed 425061000000729001
  completed 425061000000725015 (standard=220, warranty=200)
  completed 425061000000721199 (standard=220, warranty=200)
  completed 425061000000721121 (standard=220, warranty=200)
  completed 425061000000721015 (standard=225, warranty=175)
  completed 425061000000703043 (standard=175, warranty=150)
  completed 425061000000701015 (standard=160, warranty=160)
  completed 425061000000696015 (standard=230, warranty=230)
  completed 425061000000685015 (standard=275, warranty=185)
  completed 425061000000684015 (standard=160, warranty=160)
  completed 425061000000674045 (standard=185, warranty=160)
  completed 425061000000665015 (standard=200, warranty=200)
  completed 425061000000663017 (standard=180, warranty=180)
Zoho page 2: 50 request(s)
  completed 425061000000653015 (standard=200, warranty=200)
  completed 425061000000646015 (standard=175, warranty=175)
  completed 425061000000642015
  completed 425061000000635015 (standard=199, warranty=199)
  completed 425061000000627015 (standard=185, warranty=170)
  completed 425061000000617071 (standard=195, warranty=195)
  completed 425061000000616015 (standard=175, warranty=175)
  completed 425061000000601095 (standard=195, warranty=150)
  completed 425061000000601017 (standard=198, warranty=180)
  completed 425061000000597099 (standard=198, warranty=180)
  completed 425061000000587015 (standard=125, warranty=125)
  completed 425061000000579015 (standard=175, warranty=175)
  completed 425061000000546121 (standard=250, warranty=165)
  completed 425061000000546015 (standard=250, warranty=170)
  completed 425061000000533021 (standard=239.99, warranty=200)
  completed 425061000000532215 (standard=200, warranty=190)
  completed 425061000000532133 (standard=205, warranty=205)
  completed 425061000000531015 (standard=190, warranty=190)
  completed 425061000000525017 (standard=170, warranty=170)
  completed 425061000000522015 (standard=135, warranty=135)
  completed 425061000000517039 (standard=250, warranty=175)
  completed 425061000000515015 (standard=225, warranty=199)
  completed 425061000000505151 (standard=195, warranty=175)
  completed 425061000000505015 (standard=200, warranty=200)
  completed 425061000000498017
  completed 425061000000494015 (standard=229, warranty=200)
  completed 425061000000493015 (standard=250, warranty=200)
  completed 425061000000485015
  completed 425061000000483015 (standard=165, warranty=165)
  completed 425061000000471015 (standard=215, warranty=190)
  completed 425061000000460407 (standard=215, warranty=190)
Zoho page 3: 50 request(s)
  completed 425061000000465019 (standard=180, warranty=180)
  completed 425061000000460245
  completed 425061000000459015 (standard=180, warranty=180)
  completed 425061000000455019
  completed 425061000000446023 (standard=220, warranty=180)
  completed 425061000000441129 (standard=180, warranty=220)
  completed 425061000000447015 (standard=240, warranty=210)
  completed 425061000000437015 (standard=200, warranty=200)
  completed 425061000000411099 (standard=200, warranty=200)
  completed 425061000000412203 (standard=195, warranty=185)
  completed 425061000000405015 (standard=195, warranty=185)
  completed 425061000000395091 (standard=100, warranty=100)
  completed 425061000000397015 (standard=200, warranty=200)
  completed 425061000000387015
  completed 425061000000386015
  completed 425061000000385015
  completed 425061000000381015
  completed 425061000000363015
  completed 425061000000357001
  completed 425061000000325097
  completed 425061000000326075
  completed 425061000000327037
  completed 425061000000325015
  completed 425061000000322015
  completed 425061000000312053
  completed 425061000000303015
Zoho page 4: 50 request(s)
  completed 425061000000295017
  completed 425061000000289155
  completed 425061000000289077
  completed 425061000000287017
  completed 425061000000280015
  completed 425061000000270017
  completed 425061000000269015
  completed 425061000000263025
  completed 425061000000261095
  completed 425061000000257015
  completed 425061000000250015
  completed 425061000000236053
  completed 425061000000237037
  completed 425061000000238019
  completed 425061000000235093
  completed 425061000000229015
  completed 425061000000224093
  completed 425061000000224015
  completed 425061000000223093
  completed 425061000000212251
  completed 425061000000212173
  completed 425061000000212095
  completed 425061000000213015
Zoho page 5: 50 request(s)
  completed 425061000000204003
  completed 425061000000201129
  completed 425061000000201051
  completed 425061000000200015
  completed 425061000000182019
  completed 425061000000181095
  completed 425061000000165099
  completed 425061000000167001
  completed 425061000000165015
  completed 425061000000150015
  completed 425061000000145181
  completed 425061000000145095
  completed 425061000000141001
  completed 425061000000136015
  completed 425061000000126001
  completed 425061000000123073
  completed 425061000000118001
  completed 425061000000101001
  completed 425061000000092063
  completed 425061000000092001
  completed 425061000000086313
  completed 425061000000086083
  completed 425061000000074061
  completed 425061000000067169
  completed 425061000000067015
  completed 425061000000062319
  completed 425061000000062243
  completed 425061000000062143
  completed 425061000000057005
  completed 425061000000042495
  completed 425061000000042389
  completed 425061000000035865
  completed 425061000000035781
  completed 425061000000035697
  completed 425061000000035591
Zoho page 6: 3 request(s)
  completed 425061000000035481
  completed 425061000000035257
Zoho completed requests with parseable data: 148

Wrote 784 row(s) to /Users/khalidalali/Code/crm/location-labor-rates-from-zoho.csv
Locations with at least one Zoho labor rate: 64
